-------------------------------------------------------------------------------
Test set: com.example.quasar.controller.TopSecretSplitControllerIntegrationTest
-------------------------------------------------------------------------------
Tests run: 2, Failures: 2, Errors: 0, Skipped: 0, Time elapsed: 10.129 s <<< FAILURE! - in com.example.quasar.controller.TopSecretSplitControllerIntegrationTest
testTopSecretSplitHappyPath  Time elapsed: 1.06 s  <<< FAILURE!
java.lang.AssertionError: Status expected:<200> but was:<400>
	at com.example.quasar.controller.TopSecretSplitControllerIntegrationTest.testTopSecretSplitHappyPath(TopSecretSplitControllerIntegrationTest.java:49)

testTopSecretSplitNotFoundWhenIncomplete  Time elapsed: 0.012 s  <<< FAILURE!
java.lang.AssertionError: Status expected:<200> but was:<400>
	at com.example.quasar.controller.TopSecretSplitControllerIntegrationTest.testTopSecretSplitNotFoundWhenIncomplete(TopSecretSplitControllerIntegrationTest.java:84)

