-------------------------------------------------------------------------------
Test set: com.example.quasar.controller.TopSecretSplitControllerTest
-------------------------------------------------------------------------------
Tests run: 3, Failures: 2, Errors: 0, Skipped: 0, Time elapsed: 0.035 s <<< FAILURE! - in com.example.quasar.controller.TopSecretSplitControllerTest
testPostSatelliteData_Created  Time elapsed: 0.017 s  <<< FAILURE!
java.lang.AssertionError: Status expected:<201> but was:<400>
	at com.example.quasar.controller.TopSecretSplitControllerTest.testPostSatelliteData_Created(TopSecretSplitControllerTest.java:47)

testPostSatelliteData_Conflict  Time elapsed: 0.01 s  <<< FAILURE!
java.lang.AssertionError: Status expected:<201> but was:<400>
	at com.example.quasar.controller.TopSecretSplitControllerTest.testPostSatelliteData_Conflict(TopSecretSplitControllerTest.java:59)

