<?xml version="1.0" encoding="UTF-8"?>
<testsuite xmlns:xsi="http://www.w3.org/2001/XMLSchema-instance" xsi:noNamespaceSchemaLocation="https://maven.apache.org/surefire/maven-surefire-plugin/xsd/surefire-test-report.xsd" name="com.example.quasar.controller.TopSecretSplitControllerIntegrationTest" time="10.129" tests="2" errors="0" skipped="0" failures="2">
  <properties>
[...]
</properties>
  <testcase name="testTopSecretSplitHappyPath" classname="com.example.quasar.controller.TopSecretSplitControllerIntegrationTest" time="1.06">
    <failure message="Status expected:&lt;200&gt; but was:&lt;400&gt;" type="java.lang.AssertionError"><![CDATA[java.lang.AssertionError: Status expected:<200> but was:<400>
	at com.example.quasar.controller.TopSecretSplitControllerIntegrationTest.testTopSecretSplitHappyPath(TopSecretSplitControllerIntegrationTest.java:49)
]]></failure>
    <system-out><![CDATA[16:11:58.037 [main] INFO org.springframework.test.context.support.AnnotationConfigContextLoaderUtils -- Could not detect default configuration classes for test class [com.example.quasar.controller.TopSecretSplitControllerIntegrationTest]: TopSecretSplitControllerIntegrationTest does not declare any static, non-private, non-final, nested classes annotated with @Configuration.
16:11:58.462 [main] INFO org.springframework.boot.test.context.SpringBootTestContextBootstrapper -- Found @SpringBootConfiguration com.example.quasar.QuasarApplication for test class com.example.quasar.controller.TopSecretSplitControllerIntegrationTest

  .   ____          _            __ _ _
 /\\ / ___'_ __ _ _(_)_ __  __ _ \ \ \ \
( ( )\___ | '_ | '_| | '_ \/ _` | \ \ \ \
 \\/  ___)| |_)| | | | | || (_| |  ) ) ) )
  '  |____| .__|_| |_|_| |_\__, | / / / /
 =========|_|==============|___/=/_/_/_/
 :: Spring Boot ::                (v3.2.5)

2025-03-25T16:11:59.317-06:00  INFO 29120 --- [           main] .TopSecretSplitControllerIntegrationTest : Starting TopSecretSplitControllerIntegrationTest using Java 21.0.4 with PID 29120 (started by villa in C:\Users\villa\Downloads\quasar-service)
2025-03-25T16:11:59.319-06:00  INFO 29120 --- [           main] .TopSecretSplitControllerIntegrationTest : No active profile set, falling back to 1 default profile: "default"
2025-03-25T16:12:00.957-06:00  INFO 29120 --- [           main] .s.d.r.c.RepositoryConfigurationDelegate : Bootstrapping Spring Data JPA repositories in DEFAULT mode.
2025-03-25T16:12:01.027-06:00  INFO 29120 --- [           main] .s.d.r.c.RepositoryConfigurationDelegate : Finished Spring Data repository scanning in 58 ms. Found 1 JPA repository interface.
2025-03-25T16:12:01.956-06:00  INFO 29120 --- [           main] com.zaxxer.hikari.HikariDataSource       : HikariPool-1 - Starting...
2025-03-25T16:12:02.348-06:00  INFO 29120 --- [           main] com.zaxxer.hikari.pool.HikariPool        : HikariPool-1 - Added connection conn0: url=jdbc:h2:mem:quasardb user=SA
2025-03-25T16:12:02.353-06:00  INFO 29120 --- [           main] com.zaxxer.hikari.HikariDataSource       : HikariPool-1 - Start completed.
2025-03-25T16:12:02.438-06:00  INFO 29120 --- [           main] o.hibernate.jpa.internal.util.LogHelper  : HHH000204: Processing PersistenceUnitInfo [name: default]
2025-03-25T16:12:02.523-06:00  INFO 29120 --- [           main] org.hibernate.Version                    : HHH000412: Hibernate ORM core version 6.4.4.Final
2025-03-25T16:12:02.570-06:00  INFO 29120 --- [           main] o.h.c.internal.RegionFactoryInitiator    : HHH000026: Second-level cache disabled
2025-03-25T16:12:02.980-06:00  INFO 29120 --- [           main] o.s.o.j.p.SpringPersistenceUnitInfo      : No LoadTimeWeaver setup: ignoring JPA class transformer
2025-03-25T16:12:03.056-06:00  WARN 29120 --- [           main] org.hibernate.orm.deprecation            : HHH90000025: H2Dialect does not need to be specified explicitly using 'hibernate.dialect' (remove the property setting and it will be selected by default)
2025-03-25T16:12:04.300-06:00  INFO 29120 --- [           main] o.h.e.t.j.p.i.JtaPlatformInitiator       : HHH000489: No JTA platform available (set 'hibernate.transaction.jta.platform' to enable JTA platform integration)
2025-03-25T16:12:04.347-06:00  INFO 29120 --- [           main] j.LocalContainerEntityManagerFactoryBean : Initialized JPA EntityManagerFactory for persistence unit 'default'
2025-03-25T16:12:05.202-06:00  WARN 29120 --- [           main] JpaBaseConfiguration$JpaWebConfiguration : spring.jpa.open-in-view is enabled by default. Therefore, database queries may be performed during view rendering. Explicitly configure spring.jpa.open-in-view to disable this warning
2025-03-25T16:12:06.371-06:00  INFO 29120 --- [           main] o.s.b.a.h2.H2ConsoleAutoConfiguration    : H2 console available at '/h2-console'. Database available at 'jdbc:h2:mem:quasardb'
2025-03-25T16:12:06.441-06:00  INFO 29120 --- [           main] o.s.b.t.m.w.SpringBootMockServletContext : Initializing Spring TestDispatcherServlet ''
2025-03-25T16:12:06.442-06:00  INFO 29120 --- [           main] o.s.t.web.servlet.TestDispatcherServlet  : Initializing Servlet ''
2025-03-25T16:12:06.453-06:00  INFO 29120 --- [           main] o.s.b.a.e.web.EndpointLinksResolver      : Exposing 1 endpoint(s) beneath base path '/actuator'
2025-03-25T16:12:06.470-06:00  INFO 29120 --- [           main] o.s.t.web.servlet.TestDispatcherServlet  : Completed initialization in 27 ms
2025-03-25T16:12:06.547-06:00  INFO 29120 --- [           main] .TopSecretSplitControllerIntegrationTest : Started TopSecretSplitControllerIntegrationTest in 7.725 seconds (process running for 10.368)

MockHttpServletRequest:
      HTTP Method = POST
      Request URI = /topsecret_split/kenobi
       Parameters = {}
          Headers = [Content-Type:"application/json;charset=UTF-8", Content-Length:"83"]
             Body = {"name":null,"distance":100.0,"message":["este","","","mensaje",""],"version":null}
    Session Attrs = {}

Handler:
             Type = com.example.quasar.controller.TopSecretSplitController
           Method = com.example.quasar.controller.TopSecretSplitController#postSatelliteData(String, SatelliteData)

Async:
    Async started = false
     Async result = null

Resolved Exception:
             Type = org.springframework.web.bind.MethodArgumentNotValidException

ModelAndView:
        View name = null
             View = null
            Model = null

FlashMap:
       Attributes = null

MockHttpServletResponse:
           Status = 400
    Error message = null
          Headers = [Content-Type:"application/json"]
     Content type = application/json
             Body = {"name":"El nombre del satélite es obligatorio"}
    Forwarded URL = null
   Redirected URL = null
          Cookies = []
]]></system-out>
    <system-err><![CDATA[WARNING: A Java agent has been loaded dynamically (C:\Users\villa\.m2\repository\net\bytebuddy\byte-buddy-agent\1.14.13\byte-buddy-agent-1.14.13.jar)
WARNING: If a serviceability tool is in use, please run with -XX:+EnableDynamicAgentLoading to hide this warning
WARNING: If a serviceability tool is not in use, please run with -Djdk.instrument.traceUsage for more information
WARNING: Dynamic loading of agents will be disallowed by default in a future release
]]></system-err>
  </testcase>
  <testcase name="testTopSecretSplitNotFoundWhenIncomplete" classname="com.example.quasar.controller.TopSecretSplitControllerIntegrationTest" time="0.012">
    <failure message="Status expected:&lt;200&gt; but was:&lt;400&gt;" type="java.lang.AssertionError"><![CDATA[java.lang.AssertionError: Status expected:<200> but was:<400>
	at com.example.quasar.controller.TopSecretSplitControllerIntegrationTest.testTopSecretSplitNotFoundWhenIncomplete(TopSecretSplitControllerIntegrationTest.java:84)
]]></failure>
    <system-out><![CDATA[
MockHttpServletRequest:
      HTTP Method = POST
      Request URI = /topsecret_split/kenobi
       Parameters = {}
          Headers = [Content-Type:"application/json;charset=UTF-8", Content-Length:"83"]
             Body = {"name":null,"distance":100.0,"message":["este","","","mensaje",""],"version":null}
    Session Attrs = {}

Handler:
             Type = com.example.quasar.controller.TopSecretSplitController
           Method = com.example.quasar.controller.TopSecretSplitController#postSatelliteData(String, SatelliteData)

Async:
    Async started = false
     Async result = null

Resolved Exception:
             Type = org.springframework.web.bind.MethodArgumentNotValidException

ModelAndView:
        View name = null
             View = null
            Model = null

FlashMap:
       Attributes = null

MockHttpServletResponse:
           Status = 400
    Error message = null
          Headers = [Content-Type:"application/json"]
     Content type = application/json
             Body = {"name":"El nombre del satélite es obligatorio"}
    Forwarded URL = null
   Redirected URL = null
          Cookies = []
]]></system-out>
  </testcase>
</testsuite>